<?xml version="1.0" encoding="UTF-8"?>
<!-- Generated by org.testng.reporters.JUnitXMLReporter -->
<testsuite hostname="DESKTOP-TA0RUPS" ignored="2" name="Surefire test" tests="5" failures="5" timestamp="24 Apr 2024 07:50:24 GMT" time="42.282" errors="0">
  <testcase name="loginPageUrlTest" time="0.003" classname="com.qa.cartopen.tests.LoginPageTest">
    <failure type="java.lang.NullPointerException">
      <![CDATA[java.lang.NullPointerException
at com.qa.cartopen.tests.LoginPageTest.loginPageUrlTest(LoginPageTest.java:39)
... Removed 29 stack frames]]>
    </failure>
  </testcase> <!-- loginPageUrlTest -->
  <testcase name="ForgotPwdLinkExist" time="0.001" classname="com.qa.cartopen.tests.LoginPageTest">
    <failure type="java.lang.NullPointerException">
      <![CDATA[java.lang.NullPointerException
at com.qa.cartopen.tests.LoginPageTest.ForgotPwdLinkExist(LoginPageTest.java:45)
... Removed 29 stack frames]]>
    </failure>
  </testcase> <!-- ForgotPwdLinkExist -->
  <testcase name="RegLInkExist" time="0.001" classname="com.qa.cartopen.tests.LoginPageTest">
    <failure type="java.lang.NullPointerException">
      <![CDATA[java.lang.NullPointerException
at com.qa.cartopen.tests.LoginPageTest.RegLInkExist(LoginPageTest.java:52)
... Removed 29 stack frames]]>
    </failure>
  </testcase> <!-- RegLInkExist -->
  <testcase name="loginTest" time="0.001" classname="com.qa.cartopen.tests.LoginPageTest">
    <failure type="java.lang.NullPointerException">
      <![CDATA[java.lang.NullPointerException
at com.qa.cartopen.tests.LoginPageTest.loginTest(LoginPageTest.java:59)
... Removed 29 stack frames]]>
    </failure>
  </testcase> <!-- loginTest -->
  <testcase name="getloginPageTitleTest" time="0.0" classname="com.qa.cartopen.tests.LoginPageTest">
    <failure type="java.lang.NullPointerException">
      <![CDATA[java.lang.NullPointerException
at com.qa.cartopen.tests.LoginPageTest.getloginPageTitleTest(LoginPageTest.java:68)
... Removed 29 stack frames]]>
    </failure>
  </testcase> <!-- getloginPageTitleTest -->
  <testcase name="@AfterTest teardown" time="0.0" classname="com.qa.cartopen.tests.BaseTest">
    <ignored/>
  </testcase> <!-- @AfterTest teardown -->
  <testcase name="@BeforeTest setup" time="0.0" classname="com.qa.cartopen.tests.BaseTest">
    <ignored/>
  </testcase> <!-- @BeforeTest setup -->
</testsuite> <!-- Surefire test -->
