<?xml version="1.0" encoding="UTF-8"?>
<!-- Generated by org.testng.reporters.JUnitXMLReporter -->
<testsuite hostname="DESKTOP-TA0RUPS" ignored="0" name="Default test" tests="5" failures="0" timestamp="10 Jul 2023 05:50:24 GMT" time="10.57" errors="0">
  <testcase name="loginPageUrlTest" time="0.087" classname="com.qa.cartopen.tests.LoginPageTest"/>
  <testcase name="ForgotPwdLinkExist" time="0.203" classname="com.qa.cartopen.tests.LoginPageTest"/>
  <testcase name="RegLInkExist" time="0.038" classname="com.qa.cartopen.tests.LoginPageTest"/>
  <testcase name="loginTest" time="0.915" classname="com.qa.cartopen.tests.LoginPageTest"/>
  <testcase name="getloginPageTitleTest" time="0.014" classname="com.qa.cartopen.tests.LoginPageTest"/>
</testsuite> <!-- Default test -->
