<?xml version="1.0" encoding="UTF-8"?>
<!-- Generated by org.testng.reporters.JUnitXMLReporter -->
<testsuite hostname="DESKTOP-TA0RUPS" ignored="0" name="Default test" tests="5" failures="0" timestamp="05 Apr 2023 02:35:30 GMT" time="11.59" errors="0">
  <testcase name="loginPageUrlTest" time="0.038" classname="com.qa.cartopen.tests.LoginPageTest"/>
  <testcase name="ForgotPwdLinkExist" time="0.06" classname="com.qa.cartopen.tests.LoginPageTest"/>
  <testcase name="RegLInkExist" time="0.023" classname="com.qa.cartopen.tests.LoginPageTest"/>
  <testcase name="loginTest" time="0.835" classname="com.qa.cartopen.tests.LoginPageTest"/>
  <testcase name="getloginPageTitleTest" time="0.015" classname="com.qa.cartopen.tests.LoginPageTest"/>
</testsuite> <!-- Default test -->
