<?xml version="1.0" encoding="UTF-8"?>
<testsuite xmlns:xsi="http://www.w3.org/2001/XMLSchema-instance" xsi:noNamespaceSchemaLocation="https://maven.apache.org/surefire/maven-surefire-plugin/xsd/surefire-test-report.xsd" name="TestSuite" time="56.433" tests="5" errors="0" skipped="0" failures="5">
  <properties>
[...]
</properties>
  <testcase name="loginPageUrlTest" classname="com.qa.cartopen.tests.LoginPageTest" time="0.008">
    <failure type="java.lang.NullPointerException">java.lang.NullPointerException
	at com.qa.cartopen.tests.LoginPageTest.loginPageUrlTest(LoginPageTest.java:39)
</failure>
    <system-err><![CDATA[SLF4J: No SLF4J providers were found.
SLF4J: Defaulting to no-operation (NOP) logger implementation
SLF4J: See https://www.slf4j.org/codes.html#noProviders for further details.
log4j:WARN No appenders could be found for logger (io.netty.util.internal.logging.InternalLoggerFactory).
log4j:WARN Please initialize the log4j system properly.
1682516447893	geckodriver	INFO	Listening on 127.0.0.1:51650
1682516450605	mozrunner::runner	INFO	Running command: "C:\\Program Files\\Mozilla Firefox\\firefox.exe" "--marionette" "--remote-debugging-port" "55273" "--remote-allow-hosts" "localhost" "-no-remote" "-profile" "C:\\Users\\Hi\\AppData\\Local\\Temp\\rust_mozprofileYNB3Ev"
console.warn: services.settings: Ignoring preference override of remote settings server
console.warn: services.settings: Allow by setting MOZ_REMOTE_SETTINGS_DEVTOOLS=1 in the environment
1682516454595	Marionette	INFO	Marionette enabled
Dynamically enable window occlusion 0
1682516454761	Marionette	INFO	Listening on port 57296
Read port: 57296
WebDriver BiDi listening on ws://127.0.0.1:55273
Read port: 57296
1682516460495	RemoteAgent	WARN	TLS certificate errors will be ignored for this session
console.warn: SearchSettings: "get: No settings file exists, new profile?" (new NotFoundError("Could not open the file at C:\\Users\\Hi\\AppData\\Local\\Temp\\rust_mozprofileYNB3Ev\\search.json.mozlz4", (void 0)))
[ERROR glean_core] Error setting metrics feature config: Json(Error("EOF while parsing a value", line: 1, column: 0))
DevTools listening on ws://127.0.0.1:55273/devtools/browser/bf559fc1-801d-4a83-805f-c75a30015df6
Apr 26, 2023 7:11:11 PM org.openqa.selenium.remote.ProtocolHandshake createSession
INFO: Detected dialect: W3C
]]></system-err>
  </testcase>
  <testcase name="ForgotPwdLinkExist" classname="com.qa.cartopen.tests.LoginPageTest" time="0">
    <failure type="java.lang.NullPointerException">java.lang.NullPointerException
	at com.qa.cartopen.tests.LoginPageTest.ForgotPwdLinkExist(LoginPageTest.java:45)
</failure>
  </testcase>
  <testcase name="RegLInkExist" classname="com.qa.cartopen.tests.LoginPageTest" time="0">
    <failure type="java.lang.NullPointerException">java.lang.NullPointerException
	at com.qa.cartopen.tests.LoginPageTest.RegLInkExist(LoginPageTest.java:52)
</failure>
  </testcase>
  <testcase name="loginTest" classname="com.qa.cartopen.tests.LoginPageTest" time="0">
    <failure type="java.lang.NullPointerException">java.lang.NullPointerException
	at com.qa.cartopen.tests.LoginPageTest.loginTest(LoginPageTest.java:59)
</failure>
  </testcase>
  <testcase name="getloginPageTitleTest" classname="com.qa.cartopen.tests.LoginPageTest" time="0">
    <failure type="java.lang.NullPointerException">java.lang.NullPointerException
	at com.qa.cartopen.tests.LoginPageTest.getloginPageTitleTest(LoginPageTest.java:68)
</failure>
  </testcase>
</testsuite>