<?xml version="1.0" encoding="UTF-8"?>
<testsuite xmlns:xsi="http://www.w3.org/2001/XMLSchema-instance" xsi:noNamespaceSchemaLocation="https://maven.apache.org/surefire/maven-surefire-plugin/xsd/surefire-test-report.xsd" name="TestSuite" time="43.677" tests="5" errors="0" skipped="0" failures="5">
  <properties>
[...]
</properties>
  <testcase name="loginPageUrlTest" classname="com.qa.cartopen.tests.LoginPageTest" time="0.039">
    <failure type="java.lang.NullPointerException">java.lang.NullPointerException
	at com.qa.cartopen.tests.LoginPageTest.loginPageUrlTest(LoginPageTest.java:39)
</failure>
    <system-err><![CDATA[SLF4J: No SLF4J providers were found.
SLF4J: Defaulting to no-operation (NOP) logger implementation
SLF4J: See https://www.slf4j.org/codes.html#noProviders for further details.
log4j:WARN No appenders could be found for logger (io.netty.util.internal.logging.InternalLoggerFactory).
log4j:WARN Please initialize the log4j system properly.
1713944990234	geckodriver	INFO	Listening on 127.0.0.1:60312
1713944991996	mozrunner::runner	INFO	Running command: "C:\\Program Files\\Mozilla Firefox\\firefox.exe" "--marionette" "--remote-debugging-port" "51712" "--remote-allow-hosts" "localhost" "-no-remote" "-profile" "C:\\Users\\Hi\\AppData\\Local\\Temp\\rust_mozprofileBKsUkT"
console.warn: services.settings: Ignoring preference override of remote settings server
console.warn: services.settings: Allow by setting MOZ_REMOTE_SETTINGS_DEVTOOLS=1 in the environment
Dynamically enable window occlusion 0
1713944996080	Marionette	INFO	Marionette enabled
1713944997066	Marionette	INFO	Listening on port 51613
Read port: 51613
WebDriver BiDi listening on ws://127.0.0.1:51712
1713944998594	RemoteAgent	WARN	TLS certificate errors will be ignored for this session
DevTools listening on ws://127.0.0.1:51712/devtools/browser/af2ebd4c-6140-4cd6-b35f-19feb7ad3a4e
Apr 24, 2024 1:20:15 PM org.openqa.selenium.remote.ProtocolHandshake createSession
INFO: Detected dialect: W3C
]]></system-err>
  </testcase>
  <testcase name="ForgotPwdLinkExist" classname="com.qa.cartopen.tests.LoginPageTest" time="0.002">
    <failure type="java.lang.NullPointerException">java.lang.NullPointerException
	at com.qa.cartopen.tests.LoginPageTest.ForgotPwdLinkExist(LoginPageTest.java:45)
</failure>
  </testcase>
  <testcase name="RegLInkExist" classname="com.qa.cartopen.tests.LoginPageTest" time="0.001">
    <failure type="java.lang.NullPointerException">java.lang.NullPointerException
	at com.qa.cartopen.tests.LoginPageTest.RegLInkExist(LoginPageTest.java:52)
</failure>
  </testcase>
  <testcase name="loginTest" classname="com.qa.cartopen.tests.LoginPageTest" time="0.003">
    <failure type="java.lang.NullPointerException">java.lang.NullPointerException
	at com.qa.cartopen.tests.LoginPageTest.loginTest(LoginPageTest.java:59)
</failure>
  </testcase>
  <testcase name="getloginPageTitleTest" classname="com.qa.cartopen.tests.LoginPageTest" time="0.001">
    <failure type="java.lang.NullPointerException">java.lang.NullPointerException
	at com.qa.cartopen.tests.LoginPageTest.getloginPageTitleTest(LoginPageTest.java:68)
</failure>
  </testcase>
</testsuite>