<?xml version="1.0" encoding="UTF-8"?>
<testng-results skipped="0" failed="0" ignored="0" total="5" passed="5">
  <reporter-output>
  </reporter-output>
  <suite name="Default suite" duration-ms="11590" started-at="2023-04-05T02:35:18Z" finished-at="2023-04-05T02:35:30Z">
    <groups>
    </groups>
    <test name="Default test" duration-ms="11590" started-at="2023-04-05T02:35:18Z" finished-at="2023-04-05T02:35:30Z">
      <class name="com.qa.cartopen.tests.LoginPageTest">
        <test-method status="PASS" signature="setup()[pri:0, instance:com.qa.cartopen.tests.LoginPageTest@7c729a55]" name="setup" is-config="true" duration-ms="9591" started-at="2023-04-05T02:35:18Z" finished-at="2023-04-05T02:35:28Z">
          <reporter-output>
          </reporter-output>
        </test-method> <!-- setup -->
        <test-method status="PASS" signature="loginPageUrlTest()[pri:1, instance:com.qa.cartopen.tests.LoginPageTest@7c729a55]" name="loginPageUrlTest" duration-ms="38" started-at="2023-04-05T02:35:28Z" finished-at="2023-04-05T02:35:28Z">
          <reporter-output>
          </reporter-output>
        </test-method> <!-- loginPageUrlTest -->
        <test-method status="PASS" signature="ForgotPwdLinkExist()[pri:2, instance:com.qa.cartopen.tests.LoginPageTest@7c729a55]" name="ForgotPwdLinkExist" duration-ms="60" started-at="2023-04-05T02:35:28Z" finished-at="2023-04-05T02:35:28Z">
          <reporter-output>
          </reporter-output>
        </test-method> <!-- ForgotPwdLinkExist -->
        <test-method status="PASS" signature="RegLInkExist()[pri:3, instance:com.qa.cartopen.tests.LoginPageTest@7c729a55]" name="RegLInkExist" duration-ms="23" started-at="2023-04-05T02:35:28Z" finished-at="2023-04-05T02:35:28Z">
          <reporter-output>
          </reporter-output>
        </test-method> <!-- RegLInkExist -->
        <test-method status="PASS" signature="loginTest()[pri:4, instance:com.qa.cartopen.tests.LoginPageTest@7c729a55]" name="loginTest" duration-ms="835" started-at="2023-04-05T02:35:28Z" finished-at="2023-04-05T02:35:29Z">
          <reporter-output>
          </reporter-output>
        </test-method> <!-- loginTest -->
        <test-method status="PASS" signature="getloginPageTitleTest()[pri:5, instance:com.qa.cartopen.tests.LoginPageTest@7c729a55]" name="getloginPageTitleTest" duration-ms="15" started-at="2023-04-05T02:35:29Z" finished-at="2023-04-05T02:35:29Z">
          <reporter-output>
          </reporter-output>
        </test-method> <!-- getloginPageTitleTest -->
        <test-method status="PASS" signature="teardown()[pri:0, instance:com.qa.cartopen.tests.LoginPageTest@7c729a55]" name="teardown" is-config="true" duration-ms="993" started-at="2023-04-05T02:35:29Z" finished-at="2023-04-05T02:35:30Z">
          <reporter-output>
          </reporter-output>
        </test-method> <!-- teardown -->
      </class> <!-- com.qa.cartopen.tests.LoginPageTest -->
    </test> <!-- Default test -->
  </suite> <!-- Default suite -->
</testng-results>
