<?xml version="1.0" encoding="UTF-8"?>
<testng-results skipped="0" failed="0" ignored="0" total="5" passed="5">
  <reporter-output>
  </reporter-output>
  <suite name="Default suite" duration-ms="10570" started-at="2023-07-10T05:50:13Z" finished-at="2023-07-10T05:50:24Z">
    <groups>
    </groups>
    <test name="Default test" duration-ms="10570" started-at="2023-07-10T05:50:13Z" finished-at="2023-07-10T05:50:24Z">
      <class name="com.qa.cartopen.tests.LoginPageTest">
        <test-method status="PASS" signature="setup()[pri:0, instance:com.qa.cartopen.tests.LoginPageTest@31610302]" name="setup" is-config="true" duration-ms="7885" started-at="2023-07-10T05:50:13Z" finished-at="2023-07-10T05:50:21Z">
          <reporter-output>
          </reporter-output>
        </test-method> <!-- setup -->
        <test-method status="PASS" signature="loginPageUrlTest()[pri:1, instance:com.qa.cartopen.tests.LoginPageTest@31610302]" name="loginPageUrlTest" duration-ms="87" started-at="2023-07-10T05:50:21Z" finished-at="2023-07-10T05:50:21Z">
          <reporter-output>
          </reporter-output>
        </test-method> <!-- loginPageUrlTest -->
        <test-method status="PASS" signature="ForgotPwdLinkExist()[pri:2, instance:com.qa.cartopen.tests.LoginPageTest@31610302]" name="ForgotPwdLinkExist" duration-ms="203" started-at="2023-07-10T05:50:21Z" finished-at="2023-07-10T05:50:21Z">
          <reporter-output>
          </reporter-output>
        </test-method> <!-- ForgotPwdLinkExist -->
        <test-method status="PASS" signature="RegLInkExist()[pri:3, instance:com.qa.cartopen.tests.LoginPageTest@31610302]" name="RegLInkExist" duration-ms="38" started-at="2023-07-10T05:50:21Z" finished-at="2023-07-10T05:50:21Z">
          <reporter-output>
          </reporter-output>
        </test-method> <!-- RegLInkExist -->
        <test-method status="PASS" signature="loginTest()[pri:4, instance:com.qa.cartopen.tests.LoginPageTest@31610302]" name="loginTest" duration-ms="915" started-at="2023-07-10T05:50:21Z" finished-at="2023-07-10T05:50:22Z">
          <reporter-output>
          </reporter-output>
        </test-method> <!-- loginTest -->
        <test-method status="PASS" signature="getloginPageTitleTest()[pri:5, instance:com.qa.cartopen.tests.LoginPageTest@31610302]" name="getloginPageTitleTest" duration-ms="14" started-at="2023-07-10T05:50:22Z" finished-at="2023-07-10T05:50:22Z">
          <reporter-output>
          </reporter-output>
        </test-method> <!-- getloginPageTitleTest -->
        <test-method status="PASS" signature="teardown()[pri:0, instance:com.qa.cartopen.tests.LoginPageTest@31610302]" name="teardown" is-config="true" duration-ms="1399" started-at="2023-07-10T05:50:22Z" finished-at="2023-07-10T05:50:24Z">
          <reporter-output>
          </reporter-output>
        </test-method> <!-- teardown -->
      </class> <!-- com.qa.cartopen.tests.LoginPageTest -->
    </test> <!-- Default test -->
  </suite> <!-- Default suite -->
</testng-results>
